c:\users\leaye\documents\lea\etudes\seatech\2a\s1\ihm\projet\bejeweled\bejeweled\debug\bejeweled.pch
c:\users\leaye\documents\lea\etudes\seatech\2a\s1\ihm\projet\bejeweled\bejeweled\debug\vc142.pdb
c:\users\leaye\documents\lea\etudes\seatech\2a\s1\ihm\projet\bejeweled\bejeweled\debug\vc142.idb
c:\users\leaye\documents\lea\etudes\seatech\2a\s1\ihm\projet\bejeweled\bejeweled\debug\pch.obj
c:\users\leaye\documents\lea\etudes\seatech\2a\s1\ihm\projet\bejeweled\bejeweled\debug\mainfrm.obj
c:\users\leaye\documents\lea\etudes\seatech\2a\s1\ihm\projet\bejeweled\bejeweled\debug\bejeweledview.obj
c:\users\leaye\documents\lea\etudes\seatech\2a\s1\ihm\projet\bejeweled\bejeweled\debug\bejeweleddoc.obj
c:\users\leaye\documents\lea\etudes\seatech\2a\s1\ihm\projet\bejeweled\bejeweled\debug\bejeweled.obj
c:\users\leaye\documents\lea\etudes\seatech\2a\s1\ihm\projet\bejeweled\bejeweled\debug\cboard.obj
c:\users\leaye\documents\lea\etudes\seatech\2a\s1\ihm\projet\bejeweled\bejeweled\debug\cjewels.obj
c:\users\leaye\documents\lea\etudes\seatech\2a\s1\ihm\projet\bejeweled\debug\bejeweled.exe
c:\users\leaye\documents\lea\etudes\seatech\2a\s1\ihm\projet\bejeweled\bejeweled\debug\bejeweled.ilk
c:\users\leaye\documents\lea\etudes\seatech\2a\s1\ihm\projet\bejeweled\debug\bejeweled.pdb
c:\users\leaye\documents\lea\etudes\seatech\2a\s1\ihm\projet\bejeweled\bejeweled\debug\bejeweled.res
c:\users\leaye\documents\lea\etudes\seatech\2a\s1\ihm\projet\bejeweled\bejeweled\debug\bejeweled.tlog\cl.command.1.tlog
c:\users\leaye\documents\lea\etudes\seatech\2a\s1\ihm\projet\bejeweled\bejeweled\debug\bejeweled.tlog\cl.read.1.tlog
c:\users\leaye\documents\lea\etudes\seatech\2a\s1\ihm\projet\bejeweled\bejeweled\debug\bejeweled.tlog\cl.write.1.tlog
c:\users\leaye\documents\lea\etudes\seatech\2a\s1\ihm\projet\bejeweled\bejeweled\debug\bejeweled.tlog\link.command.1.tlog
c:\users\leaye\documents\lea\etudes\seatech\2a\s1\ihm\projet\bejeweled\bejeweled\debug\bejeweled.tlog\link.read.1.tlog
c:\users\leaye\documents\lea\etudes\seatech\2a\s1\ihm\projet\bejeweled\bejeweled\debug\bejeweled.tlog\link.write.1.tlog
c:\users\leaye\documents\lea\etudes\seatech\2a\s1\ihm\projet\bejeweled\bejeweled\debug\bejeweled.tlog\rc.command.1.tlog
c:\users\leaye\documents\lea\etudes\seatech\2a\s1\ihm\projet\bejeweled\bejeweled\debug\bejeweled.tlog\rc.read.1.tlog
c:\users\leaye\documents\lea\etudes\seatech\2a\s1\ihm\projet\bejeweled\bejeweled\debug\bejeweled.tlog\rc.write.1.tlog
